2021-05-14 20:56:38, info, successfully login
2021-05-14 20:59:56, info, successfully signed up
2021-05-14 22:43:23, info, Vegetables found
2021-05-14 22:43:23, info, Vegetables found
2021-05-14 22:43:34, info, Signout successfully
2021-05-14 22:43:38, info, successfully login
2021-05-14 22:43:39, info, Filters applied and vegetables found
2021-05-14 22:43:40, info, Filters applied and vegetables found
2021-05-14 22:43:42, info, Filters applied and vegetables found
2021-05-14 22:44:35, info, Vegetables added
2021-05-14 22:44:51, info, Vegetables found
2021-05-14 22:44:51, info, Vegetables found
2021-05-14 22:44:54, info, Filters applied and vegetables found
2021-05-14 22:44:55, info, Filters applied and vegetables found
2021-05-14 22:45:03, info, Vegetables removed successfully
2021-05-14 22:45:05, info, Filters applied and vegetables found
2021-05-14 22:45:08, info, Filters applied and vegetables found
2021-05-14 22:45:11, info, Filters applied and vegetables found
2021-05-14 22:45:14, info, Vegetables found
2021-05-14 22:45:14, info, Vegetables found
2021-05-14 22:45:14, info, Signout successfully
2021-05-14 22:45:21, info, successfully login
2021-05-14 22:45:40, info, Filters applied and vegetables found
2021-05-14 22:45:40, info, got Farmer list 
2021-05-14 22:45:40, info, got Farmer list 
2021-05-14 22:45:43, info, Filters applied and vegetables found
2021-05-14 22:45:45, info, Filters applied and vegetables found
2021-05-14 22:45:46, info, Filters applied and vegetables found
2021-05-14 22:45:47, info, Filters applied and vegetables found
2021-05-14 22:45:50, info, Filters applied and vegetables found
2021-05-14 22:45:51, info, Filters applied and vegetables found
2021-05-14 22:45:53, info, Filters applied and vegetables found
2021-05-14 22:45:54, info, Filters applied and vegetables found
2021-05-14 22:45:56, info, Filters applied and vegetables found
2021-05-14 22:45:57, info, Filters applied and vegetables found
2021-05-14 22:45:58, info, Filters applied and vegetables found
2021-05-14 22:46:01, info, Signout successfully
2021-05-14 22:46:01, info, Vegetables found
2021-05-14 22:46:01, info, Vegetables found
2021-05-14 22:46:09, info, successfully login
2021-05-14 22:46:11, info, Filters applied and vegetables found
2021-05-14 22:46:13, info, Filters applied and vegetables found
2021-05-14 22:46:32, info, Vegetables added
2021-05-14 22:47:02, info, Vegetables added
2021-05-14 22:47:34, info, Vegetables added
2021-05-14 22:47:36, info, Vegetables found
2021-05-14 22:47:36, info, Vegetables found
2021-05-14 22:47:38, info, Filters applied and vegetables found
2021-05-14 22:47:39, info, Filters applied and vegetables found
2021-05-14 22:47:44, info, Filters applied and vegetables found
2021-05-14 22:47:47, info, Filters applied and vegetables found
2021-05-14 22:47:49, info, Filters applied and vegetables found
2021-05-14 22:47:54, info, Signout successfully
2021-05-14 22:47:54, info, Vegetables found
2021-05-14 22:47:54, info, Vegetables found
2021-05-14 22:48:12, info, successfully login
2021-05-14 22:48:18, info, Signout successfully
2021-05-14 22:48:18, info, Vegetables found
2021-05-14 22:48:18, info, Vegetables found
2021-05-14 22:48:54, info, successfully login
2021-05-14 22:48:55, info, Filters applied and vegetables found
2021-05-14 22:48:57, info, Filters applied and vegetables found
2021-05-14 22:49:00, info, Filters applied and vegetables found
2021-05-14 22:49:18, info, Signout successfully
2021-05-14 22:49:18, info, Vegetables found
2021-05-14 22:49:18, info, Vegetables found
